<?xml version="1.0" encoding="UTF-8"?>
<!-- Generated by org.testng.reporters.JUnitXMLReporter -->
<testsuite ignored="0" hostname="Laptop-OBS-138" failures="1" tests="4" name="Command line test" time="161.153" errors="0" timestamp="2020-11-24T17:39:45 IST">
  <testcase classname="com.vpm.SeeTestConfig" name="Creater_Creates_A_New_Room" time="39.199"/>
  <testcase classname="com.vpm.SeeTestConfig" name="Joiner_Joines_The_Room_Created" time="98.888">
    <failure type="org.openqa.selenium.NoSuchElementException" message="no such element (An element could not be located on the page using the given search parameters (XPATH=&amp;apos;//*[@contentDescription=&amp;apos;Feeds&amp;apos;]&amp;apos;))  (WARNING: The server did not provide any stacktrace information)
Command duration or timeout: 0 milliseconds
For documentation on this error, please visit: https://www.seleniumhq.org/exceptions/no_such_element.html
Build info: version: &amp;apos;3.141.59&amp;apos;, revision: &amp;apos;e82be7d358&amp;apos;, time: &amp;apos;2018-11-14T08:17:03&amp;apos;
System info: host: &amp;apos;LAPTOP-OBS-138&amp;apos;, ip: &amp;apos;172.16.163.1&amp;apos;, os.name: &amp;apos;Windows 10&amp;apos;, os.arch: &amp;apos;amd64&amp;apos;, os.version: &amp;apos;10.0&amp;apos;, java.version: &amp;apos;14.0.2&amp;apos;
Driver info: io.appium.java_client.android.AndroidDriver
Capabilities {app: cloud:com.adt.vpm.testapp/c..., appActivity: com.adt.vpm.activity.HomeAc..., appBuildVersion: , appPackage: com.adt.vpm.testapp, appReleaseVersion: , appiumVersion: 1.8.0, applicationClearData: false, autoAcceptAlerts: false, autoDismissAlerts: false, autoGrantPermissions: false, autoWebview: false, cloudViewLink: https://cloud.seetest.io:44..., commandTimeouts: 120000, desired: {app: cloud:com.adt.vpm.testapp/c..., appActivity: com.adt.vpm.activity.HomeAc..., appPackage: com.adt.vpm.testapp, deviceQuery: @os=&amp;apos;android&amp;apos; and @version=..., platformName: Android, testName: Quick Start Android Native ...}, device.category: PHONE, device.majorVersion: 6, device.manufacture: motorola, device.model: XT1072, device.name: Motorola IO-IL 041, device.os: Android, device.screenSize: 720x1280, device.serialNumber: ZX1C22GBLV, device.version: 6.0, deviceQuery: @os=&amp;apos;android&amp;apos; and @version=..., deviceUDID: ZX1C22GBLV, dontGoHomeOnQuit: false, dontStopAppOnReset: false, ehmPrefixUrl: /agent-6616066, ehmUrl: https://cloud.seetest.io:44..., fullReset: false, gridNodePort: 7874, install.only.for.update: false, installOnlyForUpdate: false, instrumentApp: false, javascriptEnabled: true, keystorePath: ~/.android/debug.keystore, locationServicesAuthorized: false, newSessionWaitTimeout: 600, noReset: false, platform: ANDROID, platformName: Android, projectName: , reportDirectory: reports, reportFormat: xml, reportTestId: 42, reportUrl: https://cloud.seetest.io:44..., reservationDuration: 240, takeScreenshots: true, test.type: Mobile, testName: Quick Start Android Native ..., udid: ZX1C22GBLV, useKeystore: false, waitForDeviceTimeout: 120000}
Session ID: CLOUD-SID:2020-11-24_07-08-44-7da3b8c2-4df7-4364-b21f-3848767b19f7
*** Element info: {Using=xpath, value=//*[@contentDescription=&amp;apos;Feeds&amp;apos;]}">
      <![CDATA[org.openqa.selenium.NoSuchElementException: no such element (An element could not be located on the page using the given search parameters (XPATH='//*[@contentDescription='Feeds']'))  (WARNING: The server did not provide any stacktrace information)
Command duration or timeout: 0 milliseconds
For documentation on this error, please visit: https://www.seleniumhq.org/exceptions/no_such_element.html
Build info: version: '3.141.59', revision: 'e82be7d358', time: '2018-11-14T08:17:03'
System info: host: 'LAPTOP-OBS-138', ip: '172.16.163.1', os.name: 'Windows 10', os.arch: 'amd64', os.version: '10.0', java.version: '14.0.2'
Driver info: io.appium.java_client.android.AndroidDriver
Capabilities {app: cloud:com.adt.vpm.testapp/c..., appActivity: com.adt.vpm.activity.HomeAc..., appBuildVersion: , appPackage: com.adt.vpm.testapp, appReleaseVersion: , appiumVersion: 1.8.0, applicationClearData: false, autoAcceptAlerts: false, autoDismissAlerts: false, autoGrantPermissions: false, autoWebview: false, cloudViewLink: https://cloud.seetest.io:44..., commandTimeouts: 120000, desired: {app: cloud:com.adt.vpm.testapp/c..., appActivity: com.adt.vpm.activity.HomeAc..., appPackage: com.adt.vpm.testapp, deviceQuery: @os='android' and @version=..., platformName: Android, testName: Quick Start Android Native ...}, device.category: PHONE, device.majorVersion: 6, device.manufacture: motorola, device.model: XT1072, device.name: Motorola IO-IL 041, device.os: Android, device.screenSize: 720x1280, device.serialNumber: ZX1C22GBLV, device.version: 6.0, deviceQuery: @os='android' and @version=..., deviceUDID: ZX1C22GBLV, dontGoHomeOnQuit: false, dontStopAppOnReset: false, ehmPrefixUrl: /agent-6616066, ehmUrl: https://cloud.seetest.io:44..., fullReset: false, gridNodePort: 7874, install.only.for.update: false, installOnlyForUpdate: false, instrumentApp: false, javascriptEnabled: true, keystorePath: ~/.android/debug.keystore, locationServicesAuthorized: false, newSessionWaitTimeout: 600, noReset: false, platform: ANDROID, platformName: Android, projectName: , reportDirectory: reports, reportFormat: xml, reportTestId: 42, reportUrl: https://cloud.seetest.io:44..., reservationDuration: 240, takeScreenshots: true, test.type: Mobile, testName: Quick Start Android Native ..., udid: ZX1C22GBLV, useKeystore: false, waitForDeviceTimeout: 120000}
Session ID: CLOUD-SID:2020-11-24_07-08-44-7da3b8c2-4df7-4364-b21f-3848767b19f7
*** Element info: {Using=xpath, value=//*[@contentDescription='Feeds']}
at org.openqa.selenium.remote.ErrorHandler.createThrowable(ErrorHandler.java:214)
at org.openqa.selenium.remote.ErrorHandler.throwIfResponseFailed(ErrorHandler.java:166)
at org.openqa.selenium.remote.http.JsonHttpResponseCodec.reconstructValue(JsonHttpResponseCodec.java:40)
at org.openqa.selenium.remote.http.AbstractHttpResponseCodec.decode(AbstractHttpResponseCodec.java:80)
at org.openqa.selenium.remote.http.AbstractHttpResponseCodec.decode(AbstractHttpResponseCodec.java:44)
at org.openqa.selenium.remote.HttpCommandExecutor.execute(HttpCommandExecutor.java:158)
at io.appium.java_client.remote.AppiumCommandExecutor.execute(AppiumCommandExecutor.java:239)
at org.openqa.selenium.remote.RemoteWebDriver.execute(RemoteWebDriver.java:552)
at io.appium.java_client.DefaultGenericMobileDriver.execute(DefaultGenericMobileDriver.java:41)
at io.appium.java_client.AppiumDriver.execute(AppiumDriver.java:1)
at io.appium.java_client.android.AndroidDriver.execute(AndroidDriver.java:1)
at org.openqa.selenium.remote.RemoteWebDriver.findElement(RemoteWebDriver.java:323)
at io.appium.java_client.DefaultGenericMobileDriver.findElement(DefaultGenericMobileDriver.java:61)
at io.appium.java_client.AppiumDriver.findElement(AppiumDriver.java:1)
at io.appium.java_client.android.AndroidDriver.findElement(AndroidDriver.java:1)
at org.openqa.selenium.remote.RemoteWebDriver.findElementByXPath(RemoteWebDriver.java:428)
at io.appium.java_client.DefaultGenericMobileDriver.findElementByXPath(DefaultGenericMobileDriver.java:151)
at io.appium.java_client.AppiumDriver.findElementByXPath(AppiumDriver.java:1)
at io.appium.java_client.android.AndroidDriver.findElementByXPath(AndroidDriver.java:1)
at org.openqa.selenium.By$ByXPath.findElement(By.java:353)
at org.openqa.selenium.remote.RemoteWebDriver.findElement(RemoteWebDriver.java:315)
at io.appium.java_client.DefaultGenericMobileDriver.findElement(DefaultGenericMobileDriver.java:57)
at io.appium.java_client.AppiumDriver.findElement(AppiumDriver.java:1)
at io.appium.java_client.android.AndroidDriver.findElement(AndroidDriver.java:1)
at com.vpm.SeeTestConfig.Joiner_Joines_The_Room_Created(SeeTestConfig.java:93)
at java.base/java.util.ArrayList.forEach(ArrayList.java:1511)
at com.vpm.Execute.main(Execute.java:27)
... Removed 29 stack frames]]>
    </failure>
  </testcase> <!-- Joiner_Joines_The_Room_Created -->
  <testcase classname="com.vpm.SeeTestConfig" name="Joiner_Leaves_The_Room_Joined" time="13.508"/>
  <testcase classname="com.vpm.SeeTestConfig" name="Creater_Leaves_The_Room_Created" time="9.527"/>
</testsuite> <!-- Command line test -->
